[23-Sep-2025 12:13:35 UTC] PHP Fatal error:  Uncaught Error: Class "Meduzean\EanManager\DB\Ean_Table" not found in /var/www/html/wp-content/plugins/meduzean/meduzean.php:59
Stack trace:
#0 /var/www/html/wp-includes/class-wp-hook.php(324): meduzean_activate(false)
#1 /var/www/html/wp-includes/class-wp-hook.php(348): WP_Hook->apply_filters('', Array)
#2 /var/www/html/wp-includes/plugin.php(517): WP_Hook->do_action(Array)
#3 /var/www/html/wp-admin/includes/plugin.php(703): do_action('activate_meduze...', false)
#4 /var/www/html/wp-admin/plugins.php(60): activate_plugin('meduzean/meduze...', 'http://localhos...', false)
#5 {main}
  thrown in /var/www/html/wp-content/plugins/meduzean/meduzean.php on line 59
[23-Sep-2025 12:20:06 UTC] PHP Fatal error:  Uncaught Error: Class "Meduzean\EanManager\Cron\Cron_Handler" not found in /var/www/html/wp-content/plugins/meduzean/meduzean.php:63
Stack trace:
#0 /var/www/html/wp-includes/class-wp-hook.php(324): meduzean_activate(false)
#1 /var/www/html/wp-includes/class-wp-hook.php(348): WP_Hook->apply_filters('', Array)
#2 /var/www/html/wp-includes/plugin.php(517): WP_Hook->do_action(Array)
#3 /var/www/html/wp-admin/includes/plugin.php(703): do_action('activate_meduze...', false)
#4 /var/www/html/wp-admin/plugins.php(60): activate_plugin('meduzean/meduze...', 'http://localhos...', false)
#5 {main}
  thrown in /var/www/html/wp-content/plugins/meduzean/meduzean.php on line 63
[23-Sep-2025 12:24:26 UTC] PHP Fatal error:  Uncaught Error: Class "Meduzean\EanManager\Cron\Cron_Handler" not found in /var/www/html/wp-content/plugins/meduzean/meduzean.php:63
Stack trace:
#0 /var/www/html/wp-includes/class-wp-hook.php(324): meduzean_activate(false)
#1 /var/www/html/wp-includes/class-wp-hook.php(348): WP_Hook->apply_filters('', Array)
#2 /var/www/html/wp-includes/plugin.php(517): WP_Hook->do_action(Array)
#3 /var/www/html/wp-admin/includes/plugin.php(703): do_action('activate_meduze...', false)
#4 /var/www/html/wp-admin/plugins.php(60): activate_plugin('meduzean/meduze...', 'http://localhos...', false)
#5 {main}
  thrown in /var/www/html/wp-content/plugins/meduzean/meduzean.php on line 63
[23-Sep-2025 12:35:20 UTC] [Meduzean Autoload] Trying to load Meduzean\EanManager\DB\Ean_Table from /var/www/html/wp-content/plugins/meduzean/src/DB/Ean_Table.php
[23-Sep-2025 12:35:20 UTC] [Meduzean Autoload] Trying to load Meduzean\EanManager\Core\Plugin from /var/www/html/wp-content/plugins/meduzean/src/Core/Plugin.php
[23-Sep-2025 12:35:20 UTC] PHP Fatal error:  Uncaught Error: Class "Meduzean\EanManager\Core\Plugin" not found in /var/www/html/wp-content/plugins/meduzean/meduzean.php:71
Stack trace:
#0 /var/www/html/wp-includes/class-wp-hook.php(324): {closure}('')
#1 /var/www/html/wp-includes/class-wp-hook.php(348): WP_Hook->apply_filters(NULL, Array)
#2 /var/www/html/wp-includes/plugin.php(517): WP_Hook->do_action(Array)
#3 /var/www/html/wp-settings.php(578): do_action('plugins_loaded')
#4 /var/www/html/wp-config.php(141): require_once('/var/www/html/w...')
#5 /var/www/html/wp-load.php(50): require_once('/var/www/html/w...')
#6 /var/www/html/wp-admin/admin.php(35): require_once('/var/www/html/w...')
#7 /var/www/html/wp-admin/plugins.php(10): require_once('/var/www/html/w...')
#8 {main}
  thrown in /var/www/html/wp-content/plugins/meduzean/meduzean.php on line 71
[23-Sep-2025 12:55:17 UTC] [Meduzean Autoload] Trying to load Meduzean\EanManager\Core\Plugin from /var/www/html/wp-content/plugins/meduzean/src/Core/Plugin.php
[23-Sep-2025 12:55:17 UTC] [Meduzean Autoload] Trying to load Meduzean\EanManager\DB\Ean_Table from /var/www/html/wp-content/plugins/meduzean/src/DB/Ean_Table.php
[23-Sep-2025 12:55:17 UTC] [Meduzean Autoload] Trying to load Meduzean\EanManager\Services\Email_Service from /var/www/html/wp-content/plugins/meduzean/src/Services/Email_Service.php
[23-Sep-2025 12:55:17 UTC] PHP Fatal error:  Uncaught Error: Class "Meduzean\EanManager\Services\Email_Service" not found in /var/www/html/wp-content/plugins/meduzean/src/Core/Plugin.php:51
Stack trace:
#0 /var/www/html/wp-content/plugins/meduzean/src/Core/Plugin.php(43): Meduzean\EanManager\Core\Plugin->__construct()
#1 /var/www/html/wp-content/plugins/meduzean/meduzean.php(71): Meduzean\EanManager\Core\Plugin::instance()
#2 /var/www/html/wp-includes/class-wp-hook.php(324): {closure}('')
#3 /var/www/html/wp-includes/class-wp-hook.php(348): WP_Hook->apply_filters(NULL, Array)
#4 /var/www/html/wp-includes/plugin.php(517): WP_Hook->do_action(Array)
#5 /var/www/html/wp-settings.php(578): do_action('plugins_loaded')
#6 /var/www/html/wp-config.php(141): require_once('/var/www/html/w...')
#7 /var/www/html/wp-load.php(50): require_once('/var/www/html/w...')
#8 /var/www/html/wp-admin/admin.php(35): require_once('/var/www/html/w...')
#9 /var/www/html/wp-admin/plugins.php(10): require_once('/var/www/html/w...')
#10 {main}
  thrown in /var/www/html/wp-content/plugins/meduzean/src/Core/Plugin.php on line 51
[23-Sep-2025 12:55:19 UTC] [Meduzean Autoload] Trying to load Meduzean\EanManager\Core\Plugin from /var/www/html/wp-content/plugins/meduzean/src/Core/Plugin.php
[23-Sep-2025 12:55:19 UTC] [Meduzean Autoload] Trying to load Meduzean\EanManager\DB\Ean_Table from /var/www/html/wp-content/plugins/meduzean/src/DB/Ean_Table.php
[23-Sep-2025 12:55:19 UTC] [Meduzean Autoload] Trying to load Meduzean\EanManager\Services\Email_Service from /var/www/html/wp-content/plugins/meduzean/src/Services/Email_Service.php
[23-Sep-2025 12:55:19 UTC] PHP Fatal error:  Uncaught Error: Class "Meduzean\EanManager\Services\Email_Service" not found in /var/www/html/wp-content/plugins/meduzean/src/Core/Plugin.php:51
Stack trace:
#0 /var/www/html/wp-content/plugins/meduzean/src/Core/Plugin.php(43): Meduzean\EanManager\Core\Plugin->__construct()
#1 /var/www/html/wp-content/plugins/meduzean/meduzean.php(71): Meduzean\EanManager\Core\Plugin::instance()
#2 /var/www/html/wp-includes/class-wp-hook.php(324): {closure}('')
#3 /var/www/html/wp-includes/class-wp-hook.php(348): WP_Hook->apply_filters(NULL, Array)
#4 /var/www/html/wp-includes/plugin.php(517): WP_Hook->do_action(Array)
#5 /var/www/html/wp-settings.php(578): do_action('plugins_loaded')
#6 /var/www/html/wp-config.php(141): require_once('/var/www/html/w...')
#7 /var/www/html/wp-load.php(50): require_once('/var/www/html/w...')
#8 /var/www/html/wp-admin/admin.php(35): require_once('/var/www/html/w...')
#9 /var/www/html/wp-admin/plugins.php(10): require_once('/var/www/html/w...')
#10 {main}
  thrown in /var/www/html/wp-content/plugins/meduzean/src/Core/Plugin.php on line 51
[23-Sep-2025 12:55:20 UTC] [Meduzean Autoload] Trying to load Meduzean\EanManager\Core\Plugin from /var/www/html/wp-content/plugins/meduzean/src/Core/Plugin.php
[23-Sep-2025 12:55:20 UTC] [Meduzean Autoload] Trying to load Meduzean\EanManager\DB\Ean_Table from /var/www/html/wp-content/plugins/meduzean/src/DB/Ean_Table.php
[23-Sep-2025 12:55:20 UTC] [Meduzean Autoload] Trying to load Meduzean\EanManager\Services\Email_Service from /var/www/html/wp-content/plugins/meduzean/src/Services/Email_Service.php
[23-Sep-2025 12:55:20 UTC] PHP Fatal error:  Uncaught Error: Class "Meduzean\EanManager\Services\Email_Service" not found in /var/www/html/wp-content/plugins/meduzean/src/Core/Plugin.php:51
Stack trace:
#0 /var/www/html/wp-content/plugins/meduzean/src/Core/Plugin.php(43): Meduzean\EanManager\Core\Plugin->__construct()
#1 /var/www/html/wp-content/plugins/meduzean/meduzean.php(71): Meduzean\EanManager\Core\Plugin::instance()
#2 /var/www/html/wp-includes/class-wp-hook.php(324): {closure}('')
#3 /var/www/html/wp-includes/class-wp-hook.php(348): WP_Hook->apply_filters(NULL, Array)
#4 /var/www/html/wp-includes/plugin.php(517): WP_Hook->do_action(Array)
#5 /var/www/html/wp-settings.php(578): do_action('plugins_loaded')
#6 /var/www/html/wp-config.php(141): require_once('/var/www/html/w...')
#7 /var/www/html/wp-load.php(50): require_once('/var/www/html/w...')
#8 /var/www/html/wp-admin/admin.php(35): require_once('/var/www/html/w...')
#9 /var/www/html/wp-admin/plugins.php(10): require_once('/var/www/html/w...')
#10 {main}
  thrown in /var/www/html/wp-content/plugins/meduzean/src/Core/Plugin.php on line 51
[23-Sep-2025 12:55:20 UTC] [Meduzean Autoload] Trying to load Meduzean\EanManager\Core\Plugin from /var/www/html/wp-content/plugins/meduzean/src/Core/Plugin.php
[23-Sep-2025 12:55:20 UTC] [Meduzean Autoload] Trying to load Meduzean\EanManager\DB\Ean_Table from /var/www/html/wp-content/plugins/meduzean/src/DB/Ean_Table.php
[23-Sep-2025 12:55:20 UTC] [Meduzean Autoload] Trying to load Meduzean\EanManager\Services\Email_Service from /var/www/html/wp-content/plugins/meduzean/src/Services/Email_Service.php
[23-Sep-2025 12:55:20 UTC] PHP Fatal error:  Uncaught Error: Class "Meduzean\EanManager\Services\Email_Service" not found in /var/www/html/wp-content/plugins/meduzean/src/Core/Plugin.php:51
Stack trace:
#0 /var/www/html/wp-content/plugins/meduzean/src/Core/Plugin.php(43): Meduzean\EanManager\Core\Plugin->__construct()
#1 /var/www/html/wp-content/plugins/meduzean/meduzean.php(71): Meduzean\EanManager\Core\Plugin::instance()
#2 /var/www/html/wp-includes/class-wp-hook.php(324): {closure}('')
#3 /var/www/html/wp-includes/class-wp-hook.php(348): WP_Hook->apply_filters(NULL, Array)
#4 /var/www/html/wp-includes/plugin.php(517): WP_Hook->do_action(Array)
#5 /var/www/html/wp-settings.php(578): do_action('plugins_loaded')
#6 /var/www/html/wp-config.php(141): require_once('/var/www/html/w...')
#7 /var/www/html/wp-load.php(50): require_once('/var/www/html/w...')
#8 /var/www/html/wp-admin/admin.php(35): require_once('/var/www/html/w...')
#9 /var/www/html/wp-admin/plugins.php(10): require_once('/var/www/html/w...')
#10 {main}
  thrown in /var/www/html/wp-content/plugins/meduzean/src/Core/Plugin.php on line 51
[23-Sep-2025 12:55:20 UTC] [Meduzean Autoload] Trying to load Meduzean\EanManager\Core\Plugin from /var/www/html/wp-content/plugins/meduzean/src/Core/Plugin.php
[23-Sep-2025 12:55:20 UTC] [Meduzean Autoload] Trying to load Meduzean\EanManager\DB\Ean_Table from /var/www/html/wp-content/plugins/meduzean/src/DB/Ean_Table.php
[23-Sep-2025 12:55:20 UTC] [Meduzean Autoload] Trying to load Meduzean\EanManager\Services\Email_Service from /var/www/html/wp-content/plugins/meduzean/src/Services/Email_Service.php
[23-Sep-2025 12:55:20 UTC] PHP Fatal error:  Uncaught Error: Class "Meduzean\EanManager\Services\Email_Service" not found in /var/www/html/wp-content/plugins/meduzean/src/Core/Plugin.php:51
Stack trace:
#0 /var/www/html/wp-content/plugins/meduzean/src/Core/Plugin.php(43): Meduzean\EanManager\Core\Plugin->__construct()
#1 /var/www/html/wp-content/plugins/meduzean/meduzean.php(71): Meduzean\EanManager\Core\Plugin::instance()
#2 /var/www/html/wp-includes/class-wp-hook.php(324): {closure}('')
#3 /var/www/html/wp-includes/class-wp-hook.php(348): WP_Hook->apply_filters(NULL, Array)
#4 /var/www/html/wp-includes/plugin.php(517): WP_Hook->do_action(Array)
#5 /var/www/html/wp-settings.php(578): do_action('plugins_loaded')
#6 /var/www/html/wp-config.php(141): require_once('/var/www/html/w...')
#7 /var/www/html/wp-load.php(50): require_once('/var/www/html/w...')
#8 /var/www/html/wp-admin/admin.php(35): require_once('/var/www/html/w...')
#9 /var/www/html/wp-admin/plugins.php(10): require_once('/var/www/html/w...')
#10 {main}
  thrown in /var/www/html/wp-content/plugins/meduzean/src/Core/Plugin.php on line 51
[23-Sep-2025 12:55:27 UTC] [Meduzean Autoload] Trying to load Meduzean\EanManager\Core\Plugin from /var/www/html/wp-content/plugins/meduzean/src/Core/Plugin.php
[23-Sep-2025 12:55:27 UTC] [Meduzean Autoload] Trying to load Meduzean\EanManager\DB\Ean_Table from /var/www/html/wp-content/plugins/meduzean/src/DB/Ean_Table.php
[23-Sep-2025 12:55:27 UTC] [Meduzean Autoload] Trying to load Meduzean\EanManager\Services\Email_Service from /var/www/html/wp-content/plugins/meduzean/src/Services/Email_Service.php
[23-Sep-2025 12:55:27 UTC] PHP Fatal error:  Uncaught Error: Class "Meduzean\EanManager\Services\Email_Service" not found in /var/www/html/wp-content/plugins/meduzean/src/Core/Plugin.php:51
Stack trace:
#0 /var/www/html/wp-content/plugins/meduzean/src/Core/Plugin.php(43): Meduzean\EanManager\Core\Plugin->__construct()
#1 /var/www/html/wp-content/plugins/meduzean/meduzean.php(71): Meduzean\EanManager\Core\Plugin::instance()
#2 /var/www/html/wp-includes/class-wp-hook.php(324): {closure}('')
#3 /var/www/html/wp-includes/class-wp-hook.php(348): WP_Hook->apply_filters(NULL, Array)
#4 /var/www/html/wp-includes/plugin.php(517): WP_Hook->do_action(Array)
#5 /var/www/html/wp-settings.php(578): do_action('plugins_loaded')
#6 /var/www/html/wp-config.php(141): require_once('/var/www/html/w...')
#7 /var/www/html/wp-load.php(50): require_once('/var/www/html/w...')
#8 /var/www/html/wp-admin/admin.php(35): require_once('/var/www/html/w...')
#9 /var/www/html/wp-admin/index.php(10): require_once('/var/www/html/w...')
#10 {main}
  thrown in /var/www/html/wp-content/plugins/meduzean/src/Core/Plugin.php on line 51
[23-Sep-2025 12:55:27 UTC] [Meduzean Autoload] Trying to load Meduzean\EanManager\Core\Plugin from /var/www/html/wp-content/plugins/meduzean/src/Core/Plugin.php
[23-Sep-2025 12:55:27 UTC] [Meduzean Autoload] Trying to load Meduzean\EanManager\DB\Ean_Table from /var/www/html/wp-content/plugins/meduzean/src/DB/Ean_Table.php
[23-Sep-2025 12:55:27 UTC] [Meduzean Autoload] Trying to load Meduzean\EanManager\Services\Email_Service from /var/www/html/wp-content/plugins/meduzean/src/Services/Email_Service.php
[23-Sep-2025 12:55:27 UTC] PHP Fatal error:  Uncaught Error: Class "Meduzean\EanManager\Services\Email_Service" not found in /var/www/html/wp-content/plugins/meduzean/src/Core/Plugin.php:51
Stack trace:
#0 /var/www/html/wp-content/plugins/meduzean/src/Core/Plugin.php(43): Meduzean\EanManager\Core\Plugin->__construct()
#1 /var/www/html/wp-content/plugins/meduzean/meduzean.php(71): Meduzean\EanManager\Core\Plugin::instance()
#2 /var/www/html/wp-includes/class-wp-hook.php(324): {closure}('')
#3 /var/www/html/wp-includes/class-wp-hook.php(348): WP_Hook->apply_filters(NULL, Array)
#4 /var/www/html/wp-includes/plugin.php(517): WP_Hook->do_action(Array)
#5 /var/www/html/wp-settings.php(578): do_action('plugins_loaded')
#6 /var/www/html/wp-config.php(141): require_once('/var/www/html/w...')
#7 /var/www/html/wp-load.php(50): require_once('/var/www/html/w...')
#8 /var/www/html/wp-admin/admin.php(35): require_once('/var/www/html/w...')
#9 /var/www/html/wp-admin/index.php(10): require_once('/var/www/html/w...')
#10 {main}
  thrown in /var/www/html/wp-content/plugins/meduzean/src/Core/Plugin.php on line 51
[23-Sep-2025 14:16:21 UTC] [Meduzean Autoload] Trying to load Meduzean\EanManager\DB\Ean_Table from /var/www/html/wp-content/plugins/meduzean/src/DB/Ean_Table.php
[23-Sep-2025 14:16:21 UTC] [Meduzean Autoload] Trying to load Meduzean\EanManager\Core\Plugin from /var/www/html/wp-content/plugins/meduzean/src/Core/Plugin.php
[23-Sep-2025 14:16:22 UTC] [Meduzean Autoload] Trying to load Meduzean\EanManager\DB\Ean_Table from /var/www/html/wp-content/plugins/meduzean/src/DB/Ean_Table.php
[23-Sep-2025 14:16:22 UTC] [Meduzean Autoload] Trying to load Meduzean\EanManager\Services\Email_Service from /var/www/html/wp-content/plugins/meduzean/src/Services/Email_Service.php
[23-Sep-2025 14:16:22 UTC] [Meduzean Autoload] Trying to load Meduzean\EanManager\Services\Ean_Service from /var/www/html/wp-content/plugins/meduzean/src/Services/Ean_Service.php
[23-Sep-2025 14:16:22 UTC] [Meduzean Autoload] Trying to load Meduzean\EanManager\Cron\Cron_Handler from /var/www/html/wp-content/plugins/meduzean/src/Cron/Cron_Handler.php
[23-Sep-2025 14:16:22 UTC] [Meduzean Autoload] Trying to load Meduzean\EanManager\Admin\Admin from /var/www/html/wp-content/plugins/meduzean/src/Admin/Admin.php
[23-Sep-2025 14:16:22 UTC] [Meduzean Autoload] Trying to load Meduzean\EanManager\Admin\Assets from /var/www/html/wp-content/plugins/meduzean/src/Admin/Assets.php
[23-Sep-2025 14:16:22 UTC] [Meduzean Autoload] Trying to load Meduzean\EanManager\API\Rest_Controller from /var/www/html/wp-content/plugins/meduzean/src/API/Rest_Controller.php
[23-Sep-2025 14:16:27 UTC] [Meduzean Autoload] Trying to load Meduzean\EanManager\Core\Plugin from /var/www/html/wp-content/plugins/meduzean/src/Core/Plugin.php
[23-Sep-2025 14:16:27 UTC] [Meduzean Autoload] Trying to load Meduzean\EanManager\DB\Ean_Table from /var/www/html/wp-content/plugins/meduzean/src/DB/Ean_Table.php
[23-Sep-2025 14:16:27 UTC] [Meduzean Autoload] Trying to load Meduzean\EanManager\Services\Email_Service from /var/www/html/wp-content/plugins/meduzean/src/Services/Email_Service.php
[23-Sep-2025 14:16:27 UTC] [Meduzean Autoload] Trying to load Meduzean\EanManager\Services\Ean_Service from /var/www/html/wp-content/plugins/meduzean/src/Services/Ean_Service.php
[23-Sep-2025 14:16:27 UTC] [Meduzean Autoload] Trying to load Meduzean\EanManager\Cron\Cron_Handler from /var/www/html/wp-content/plugins/meduzean/src/Cron/Cron_Handler.php
[23-Sep-2025 14:16:27 UTC] [Meduzean Autoload] Trying to load Meduzean\EanManager\Admin\Admin from /var/www/html/wp-content/plugins/meduzean/src/Admin/Admin.php
[23-Sep-2025 14:16:27 UTC] [Meduzean Autoload] Trying to load Meduzean\EanManager\Admin\Assets from /var/www/html/wp-content/plugins/meduzean/src/Admin/Assets.php
[23-Sep-2025 14:16:27 UTC] [Meduzean Autoload] Trying to load Meduzean\EanManager\API\Rest_Controller from /var/www/html/wp-content/plugins/meduzean/src/API/Rest_Controller.php
[23-Sep-2025 14:16:29 UTC] [Meduzean Autoload] Trying to load Meduzean\EanManager\Admin\Pages\Ean_List_Page from /var/www/html/wp-content/plugins/meduzean/src/Admin/Pages/Ean_List_Page.php
[23-Sep-2025 14:16:32 UTC] [Meduzean Autoload] Trying to load Meduzean\EanManager\Core\Plugin from /var/www/html/wp-content/plugins/meduzean/src/Core/Plugin.php
[23-Sep-2025 14:16:33 UTC] [Meduzean Autoload] Trying to load Meduzean\EanManager\DB\Ean_Table from /var/www/html/wp-content/plugins/meduzean/src/DB/Ean_Table.php
[23-Sep-2025 14:16:33 UTC] [Meduzean Autoload] Trying to load Meduzean\EanManager\Services\Email_Service from /var/www/html/wp-content/plugins/meduzean/src/Services/Email_Service.php
[23-Sep-2025 14:16:33 UTC] [Meduzean Autoload] Trying to load Meduzean\EanManager\Services\Ean_Service from /var/www/html/wp-content/plugins/meduzean/src/Services/Ean_Service.php
[23-Sep-2025 14:16:33 UTC] [Meduzean Autoload] Trying to load Meduzean\EanManager\Cron\Cron_Handler from /var/www/html/wp-content/plugins/meduzean/src/Cron/Cron_Handler.php
[23-Sep-2025 14:16:33 UTC] [Meduzean Autoload] Trying to load Meduzean\EanManager\Admin\Admin from /var/www/html/wp-content/plugins/meduzean/src/Admin/Admin.php
[23-Sep-2025 14:16:33 UTC] [Meduzean Autoload] Trying to load Meduzean\EanManager\Admin\Assets from /var/www/html/wp-content/plugins/meduzean/src/Admin/Assets.php
[23-Sep-2025 14:16:33 UTC] [Meduzean Autoload] Trying to load Meduzean\EanManager\API\Rest_Controller from /var/www/html/wp-content/plugins/meduzean/src/API/Rest_Controller.php
[23-Sep-2025 14:16:33 UTC] [Meduzean Autoload] Trying to load Meduzean\EanManager\Admin\Pages\Ean_Import_Page from /var/www/html/wp-content/plugins/meduzean/src/Admin/Pages/Ean_Import_Page.php
[23-Sep-2025 14:16:44 UTC] [Meduzean Autoload] Trying to load Meduzean\EanManager\Core\Plugin from /var/www/html/wp-content/plugins/meduzean/src/Core/Plugin.php
[23-Sep-2025 14:16:44 UTC] [Meduzean Autoload] Trying to load Meduzean\EanManager\DB\Ean_Table from /var/www/html/wp-content/plugins/meduzean/src/DB/Ean_Table.php
[23-Sep-2025 14:16:44 UTC] [Meduzean Autoload] Trying to load Meduzean\EanManager\Services\Email_Service from /var/www/html/wp-content/plugins/meduzean/src/Services/Email_Service.php
[23-Sep-2025 14:16:44 UTC] [Meduzean Autoload] Trying to load Meduzean\EanManager\Services\Ean_Service from /var/www/html/wp-content/plugins/meduzean/src/Services/Ean_Service.php
[23-Sep-2025 14:16:44 UTC] [Meduzean Autoload] Trying to load Meduzean\EanManager\Cron\Cron_Handler from /var/www/html/wp-content/plugins/meduzean/src/Cron/Cron_Handler.php
[23-Sep-2025 14:16:44 UTC] [Meduzean Autoload] Trying to load Meduzean\EanManager\Admin\Admin from /var/www/html/wp-content/plugins/meduzean/src/Admin/Admin.php
[23-Sep-2025 14:16:44 UTC] [Meduzean Autoload] Trying to load Meduzean\EanManager\Admin\Assets from /var/www/html/wp-content/plugins/meduzean/src/Admin/Assets.php
[23-Sep-2025 14:16:44 UTC] [Meduzean Autoload] Trying to load Meduzean\EanManager\API\Rest_Controller from /var/www/html/wp-content/plugins/meduzean/src/API/Rest_Controller.php
[23-Sep-2025 14:16:45 UTC] [Meduzean Autoload] Trying to load Meduzean\EanManager\Admin\Pages\Ean_Import_Page from /var/www/html/wp-content/plugins/meduzean/src/Admin/Pages/Ean_Import_Page.php
[23-Sep-2025 14:16:45 UTC] [Meduzean Debug] Processing 1 EAN codes: 1234567890987
[23-Sep-2025 14:16:45 UTC] [Meduzean Autoload] Trying to load Meduzean\EanManager\Helpers\Validator from /var/www/html/wp-content/plugins/meduzean/src/Helpers/Validator.php
[23-Sep-2025 14:16:56 UTC] [Meduzean Autoload] Trying to load Meduzean\EanManager\Core\Plugin from /var/www/html/wp-content/plugins/meduzean/src/Core/Plugin.php
[23-Sep-2025 14:16:56 UTC] [Meduzean Autoload] Trying to load Meduzean\EanManager\DB\Ean_Table from /var/www/html/wp-content/plugins/meduzean/src/DB/Ean_Table.php
[23-Sep-2025 14:16:56 UTC] [Meduzean Autoload] Trying to load Meduzean\EanManager\Services\Email_Service from /var/www/html/wp-content/plugins/meduzean/src/Services/Email_Service.php
[23-Sep-2025 14:16:56 UTC] [Meduzean Autoload] Trying to load Meduzean\EanManager\Services\Ean_Service from /var/www/html/wp-content/plugins/meduzean/src/Services/Ean_Service.php
[23-Sep-2025 14:16:56 UTC] [Meduzean Autoload] Trying to load Meduzean\EanManager\Cron\Cron_Handler from /var/www/html/wp-content/plugins/meduzean/src/Cron/Cron_Handler.php
[23-Sep-2025 14:16:56 UTC] [Meduzean Autoload] Trying to load Meduzean\EanManager\Admin\Admin from /var/www/html/wp-content/plugins/meduzean/src/Admin/Admin.php
[23-Sep-2025 14:16:56 UTC] [Meduzean Autoload] Trying to load Meduzean\EanManager\Admin\Assets from /var/www/html/wp-content/plugins/meduzean/src/Admin/Assets.php
[23-Sep-2025 14:16:56 UTC] [Meduzean Autoload] Trying to load Meduzean\EanManager\API\Rest_Controller from /var/www/html/wp-content/plugins/meduzean/src/API/Rest_Controller.php
[23-Sep-2025 14:16:57 UTC] [Meduzean Autoload] Trying to load Meduzean\EanManager\Admin\Pages\Ean_List_Page from /var/www/html/wp-content/plugins/meduzean/src/Admin/Pages/Ean_List_Page.php
[23-Sep-2025 14:17:00 UTC] [Meduzean Autoload] Trying to load Meduzean\EanManager\Core\Plugin from /var/www/html/wp-content/plugins/meduzean/src/Core/Plugin.php
[23-Sep-2025 14:17:00 UTC] [Meduzean Autoload] Trying to load Meduzean\EanManager\DB\Ean_Table from /var/www/html/wp-content/plugins/meduzean/src/DB/Ean_Table.php
[23-Sep-2025 14:17:00 UTC] [Meduzean Autoload] Trying to load Meduzean\EanManager\Services\Email_Service from /var/www/html/wp-content/plugins/meduzean/src/Services/Email_Service.php
[23-Sep-2025 14:17:00 UTC] [Meduzean Autoload] Trying to load Meduzean\EanManager\Services\Ean_Service from /var/www/html/wp-content/plugins/meduzean/src/Services/Ean_Service.php
[23-Sep-2025 14:17:00 UTC] [Meduzean Autoload] Trying to load Meduzean\EanManager\Cron\Cron_Handler from /var/www/html/wp-content/plugins/meduzean/src/Cron/Cron_Handler.php
[23-Sep-2025 14:17:00 UTC] [Meduzean Autoload] Trying to load Meduzean\EanManager\Admin\Admin from /var/www/html/wp-content/plugins/meduzean/src/Admin/Admin.php
[23-Sep-2025 14:17:00 UTC] [Meduzean Autoload] Trying to load Meduzean\EanManager\Admin\Assets from /var/www/html/wp-content/plugins/meduzean/src/Admin/Assets.php
[23-Sep-2025 14:17:00 UTC] [Meduzean Autoload] Trying to load Meduzean\EanManager\API\Rest_Controller from /var/www/html/wp-content/plugins/meduzean/src/API/Rest_Controller.php
[23-Sep-2025 14:17:01 UTC] [Meduzean Autoload] Trying to load Meduzean\EanManager\Admin\Pages\Ean_Import_Page from /var/www/html/wp-content/plugins/meduzean/src/Admin/Pages/Ean_Import_Page.php
[23-Sep-2025 14:18:02 UTC] [Meduzean Autoload] Trying to load Meduzean\EanManager\Core\Plugin from /var/www/html/wp-content/plugins/meduzean/src/Core/Plugin.php
[23-Sep-2025 14:18:02 UTC] [Meduzean Autoload] Trying to load Meduzean\EanManager\DB\Ean_Table from /var/www/html/wp-content/plugins/meduzean/src/DB/Ean_Table.php
[23-Sep-2025 14:18:02 UTC] [Meduzean Autoload] Trying to load Meduzean\EanManager\Services\Email_Service from /var/www/html/wp-content/plugins/meduzean/src/Services/Email_Service.php
[23-Sep-2025 14:18:02 UTC] [Meduzean Autoload] Trying to load Meduzean\EanManager\Services\Ean_Service from /var/www/html/wp-content/plugins/meduzean/src/Services/Ean_Service.php
[23-Sep-2025 14:18:02 UTC] [Meduzean Autoload] Trying to load Meduzean\EanManager\Cron\Cron_Handler from /var/www/html/wp-content/plugins/meduzean/src/Cron/Cron_Handler.php
[23-Sep-2025 14:18:02 UTC] [Meduzean Autoload] Trying to load Meduzean\EanManager\Admin\Admin from /var/www/html/wp-content/plugins/meduzean/src/Admin/Admin.php
[23-Sep-2025 14:18:02 UTC] [Meduzean Autoload] Trying to load Meduzean\EanManager\Admin\Assets from /var/www/html/wp-content/plugins/meduzean/src/Admin/Assets.php
[23-Sep-2025 14:18:03 UTC] [Meduzean Autoload] Trying to load Meduzean\EanManager\API\Rest_Controller from /var/www/html/wp-content/plugins/meduzean/src/API/Rest_Controller.php
[23-Sep-2025 14:18:41 UTC] [Meduzean Autoload] Trying to load Meduzean\EanManager\Core\Plugin from /var/www/html/wp-content/plugins/meduzean/src/Core/Plugin.php
[23-Sep-2025 14:18:41 UTC] [Meduzean Autoload] Trying to load Meduzean\EanManager\DB\Ean_Table from /var/www/html/wp-content/plugins/meduzean/src/DB/Ean_Table.php
[23-Sep-2025 14:18:41 UTC] [Meduzean Autoload] Trying to load Meduzean\EanManager\Services\Email_Service from /var/www/html/wp-content/plugins/meduzean/src/Services/Email_Service.php
[23-Sep-2025 14:18:41 UTC] [Meduzean Autoload] Trying to load Meduzean\EanManager\Services\Ean_Service from /var/www/html/wp-content/plugins/meduzean/src/Services/Ean_Service.php
[23-Sep-2025 14:18:41 UTC] [Meduzean Autoload] Trying to load Meduzean\EanManager\Cron\Cron_Handler from /var/www/html/wp-content/plugins/meduzean/src/Cron/Cron_Handler.php
[23-Sep-2025 14:18:41 UTC] [Meduzean Autoload] Trying to load Meduzean\EanManager\Admin\Admin from /var/www/html/wp-content/plugins/meduzean/src/Admin/Admin.php
[23-Sep-2025 14:18:41 UTC] [Meduzean Autoload] Trying to load Meduzean\EanManager\Admin\Assets from /var/www/html/wp-content/plugins/meduzean/src/Admin/Assets.php
[23-Sep-2025 14:18:41 UTC] [Meduzean Autoload] Trying to load Meduzean\EanManager\API\Rest_Controller from /var/www/html/wp-content/plugins/meduzean/src/API/Rest_Controller.php
[23-Sep-2025 14:18:43 UTC] [Meduzean Autoload] Trying to load Meduzean\EanManager\Admin\Pages\Ean_Import_Page from /var/www/html/wp-content/plugins/meduzean/src/Admin/Pages/Ean_Import_Page.php
[23-Sep-2025 14:18:43 UTC] [Meduzean Debug] Processing 1 EAN codes: 5476546754445
[23-Sep-2025 14:18:43 UTC] [Meduzean Autoload] Trying to load Meduzean\EanManager\Helpers\Validator from /var/www/html/wp-content/plugins/meduzean/src/Helpers/Validator.php
[23-Sep-2025 14:19:45 UTC] [Meduzean Autoload] Trying to load Meduzean\EanManager\Core\Plugin from /var/www/html/wp-content/plugins/meduzean/src/Core/Plugin.php
[23-Sep-2025 14:19:45 UTC] [Meduzean Autoload] Trying to load Meduzean\EanManager\DB\Ean_Table from /var/www/html/wp-content/plugins/meduzean/src/DB/Ean_Table.php
[23-Sep-2025 14:19:45 UTC] [Meduzean Autoload] Trying to load Meduzean\EanManager\Services\Email_Service from /var/www/html/wp-content/plugins/meduzean/src/Services/Email_Service.php
[23-Sep-2025 14:19:45 UTC] [Meduzean Autoload] Trying to load Meduzean\EanManager\Services\Ean_Service from /var/www/html/wp-content/plugins/meduzean/src/Services/Ean_Service.php
[23-Sep-2025 14:19:45 UTC] [Meduzean Autoload] Trying to load Meduzean\EanManager\Cron\Cron_Handler from /var/www/html/wp-content/plugins/meduzean/src/Cron/Cron_Handler.php
[23-Sep-2025 14:19:45 UTC] [Meduzean Autoload] Trying to load Meduzean\EanManager\Admin\Admin from /var/www/html/wp-content/plugins/meduzean/src/Admin/Admin.php
[23-Sep-2025 14:19:45 UTC] [Meduzean Autoload] Trying to load Meduzean\EanManager\Admin\Assets from /var/www/html/wp-content/plugins/meduzean/src/Admin/Assets.php
[23-Sep-2025 14:19:45 UTC] [Meduzean Autoload] Trying to load Meduzean\EanManager\API\Rest_Controller from /var/www/html/wp-content/plugins/meduzean/src/API/Rest_Controller.php
[23-Sep-2025 14:20:29 UTC] [Meduzean Autoload] Trying to load Meduzean\EanManager\Core\Plugin from /var/www/html/wp-content/plugins/meduzean/src/Core/Plugin.php
[23-Sep-2025 14:20:29 UTC] [Meduzean Autoload] Trying to load Meduzean\EanManager\DB\Ean_Table from /var/www/html/wp-content/plugins/meduzean/src/DB/Ean_Table.php
[23-Sep-2025 14:20:29 UTC] [Meduzean Autoload] Trying to load Meduzean\EanManager\Services\Email_Service from /var/www/html/wp-content/plugins/meduzean/src/Services/Email_Service.php
[23-Sep-2025 14:20:29 UTC] [Meduzean Autoload] Trying to load Meduzean\EanManager\Services\Ean_Service from /var/www/html/wp-content/plugins/meduzean/src/Services/Ean_Service.php
[23-Sep-2025 14:20:29 UTC] [Meduzean Autoload] Trying to load Meduzean\EanManager\Cron\Cron_Handler from /var/www/html/wp-content/plugins/meduzean/src/Cron/Cron_Handler.php
[23-Sep-2025 14:20:29 UTC] [Meduzean Autoload] Trying to load Meduzean\EanManager\Admin\Admin from /var/www/html/wp-content/plugins/meduzean/src/Admin/Admin.php
[23-Sep-2025 14:20:29 UTC] [Meduzean Autoload] Trying to load Meduzean\EanManager\Admin\Assets from /var/www/html/wp-content/plugins/meduzean/src/Admin/Assets.php
[23-Sep-2025 14:20:30 UTC] [Meduzean Autoload] Trying to load Meduzean\EanManager\API\Rest_Controller from /var/www/html/wp-content/plugins/meduzean/src/API/Rest_Controller.php
[23-Sep-2025 14:20:31 UTC] [Meduzean Autoload] Trying to load Meduzean\EanManager\Admin\Pages\Ean_Import_Page from /var/www/html/wp-content/plugins/meduzean/src/Admin/Pages/Ean_Import_Page.php
[23-Sep-2025 14:20:31 UTC] [Meduzean Debug] Processing 1 EAN codes: 123456789012
[23-Sep-2025 14:20:31 UTC] [Meduzean Debug] Processing EAN: 123456789012
[23-Sep-2025 14:20:31 UTC] [Meduzean Autoload] Trying to load Meduzean\EanManager\Helpers\Validator from /var/www/html/wp-content/plugins/meduzean/src/Helpers/Validator.php
[23-Sep-2025 14:20:31 UTC] [Meduzean Debug] Invalid EAN: 123456789012
[23-Sep-2025 14:20:35 UTC] [Meduzean Autoload] Trying to load Meduzean\EanManager\Core\Plugin from /var/www/html/wp-content/plugins/meduzean/src/Core/Plugin.php
[23-Sep-2025 14:20:35 UTC] [Meduzean Autoload] Trying to load Meduzean\EanManager\DB\Ean_Table from /var/www/html/wp-content/plugins/meduzean/src/DB/Ean_Table.php
[23-Sep-2025 14:20:35 UTC] [Meduzean Autoload] Trying to load Meduzean\EanManager\Services\Email_Service from /var/www/html/wp-content/plugins/meduzean/src/Services/Email_Service.php
[23-Sep-2025 14:20:35 UTC] [Meduzean Autoload] Trying to load Meduzean\EanManager\Services\Ean_Service from /var/www/html/wp-content/plugins/meduzean/src/Services/Ean_Service.php
[23-Sep-2025 14:20:35 UTC] [Meduzean Autoload] Trying to load Meduzean\EanManager\Cron\Cron_Handler from /var/www/html/wp-content/plugins/meduzean/src/Cron/Cron_Handler.php
[23-Sep-2025 14:20:35 UTC] [Meduzean Autoload] Trying to load Meduzean\EanManager\Admin\Admin from /var/www/html/wp-content/plugins/meduzean/src/Admin/Admin.php
[23-Sep-2025 14:20:35 UTC] [Meduzean Autoload] Trying to load Meduzean\EanManager\Admin\Assets from /var/www/html/wp-content/plugins/meduzean/src/Admin/Assets.php
[23-Sep-2025 14:20:35 UTC] [Meduzean Autoload] Trying to load Meduzean\EanManager\API\Rest_Controller from /var/www/html/wp-content/plugins/meduzean/src/API/Rest_Controller.php
[23-Sep-2025 14:20:36 UTC] [Meduzean Autoload] Trying to load Meduzean\EanManager\Admin\Pages\Ean_List_Page from /var/www/html/wp-content/plugins/meduzean/src/Admin/Pages/Ean_List_Page.php
[23-Sep-2025 14:20:39 UTC] [Meduzean Autoload] Trying to load Meduzean\EanManager\Core\Plugin from /var/www/html/wp-content/plugins/meduzean/src/Core/Plugin.php
[23-Sep-2025 14:20:39 UTC] [Meduzean Autoload] Trying to load Meduzean\EanManager\DB\Ean_Table from /var/www/html/wp-content/plugins/meduzean/src/DB/Ean_Table.php
[23-Sep-2025 14:20:39 UTC] [Meduzean Autoload] Trying to load Meduzean\EanManager\Services\Email_Service from /var/www/html/wp-content/plugins/meduzean/src/Services/Email_Service.php
[23-Sep-2025 14:20:39 UTC] [Meduzean Autoload] Trying to load Meduzean\EanManager\Services\Ean_Service from /var/www/html/wp-content/plugins/meduzean/src/Services/Ean_Service.php
[23-Sep-2025 14:20:39 UTC] [Meduzean Autoload] Trying to load Meduzean\EanManager\Cron\Cron_Handler from /var/www/html/wp-content/plugins/meduzean/src/Cron/Cron_Handler.php
[23-Sep-2025 14:20:39 UTC] [Meduzean Autoload] Trying to load Meduzean\EanManager\Admin\Admin from /var/www/html/wp-content/plugins/meduzean/src/Admin/Admin.php
[23-Sep-2025 14:20:39 UTC] [Meduzean Autoload] Trying to load Meduzean\EanManager\Admin\Assets from /var/www/html/wp-content/plugins/meduzean/src/Admin/Assets.php
[23-Sep-2025 14:20:39 UTC] [Meduzean Autoload] Trying to load Meduzean\EanManager\API\Rest_Controller from /var/www/html/wp-content/plugins/meduzean/src/API/Rest_Controller.php
[23-Sep-2025 14:20:40 UTC] [Meduzean Autoload] Trying to load Meduzean\EanManager\Admin\Pages\Ean_Import_Page from /var/www/html/wp-content/plugins/meduzean/src/Admin/Pages/Ean_Import_Page.php
[23-Sep-2025 14:20:47 UTC] [Meduzean Autoload] Trying to load Meduzean\EanManager\Core\Plugin from /var/www/html/wp-content/plugins/meduzean/src/Core/Plugin.php
[23-Sep-2025 14:20:47 UTC] [Meduzean Autoload] Trying to load Meduzean\EanManager\DB\Ean_Table from /var/www/html/wp-content/plugins/meduzean/src/DB/Ean_Table.php
[23-Sep-2025 14:20:47 UTC] [Meduzean Autoload] Trying to load Meduzean\EanManager\Services\Email_Service from /var/www/html/wp-content/plugins/meduzean/src/Services/Email_Service.php
[23-Sep-2025 14:20:47 UTC] [Meduzean Autoload] Trying to load Meduzean\EanManager\Services\Ean_Service from /var/www/html/wp-content/plugins/meduzean/src/Services/Ean_Service.php
[23-Sep-2025 14:20:47 UTC] [Meduzean Autoload] Trying to load Meduzean\EanManager\Cron\Cron_Handler from /var/www/html/wp-content/plugins/meduzean/src/Cron/Cron_Handler.php
[23-Sep-2025 14:20:47 UTC] [Meduzean Autoload] Trying to load Meduzean\EanManager\Admin\Admin from /var/www/html/wp-content/plugins/meduzean/src/Admin/Admin.php
[23-Sep-2025 14:20:47 UTC] [Meduzean Autoload] Trying to load Meduzean\EanManager\Admin\Assets from /var/www/html/wp-content/plugins/meduzean/src/Admin/Assets.php
[23-Sep-2025 14:20:47 UTC] [Meduzean Autoload] Trying to load Meduzean\EanManager\API\Rest_Controller from /var/www/html/wp-content/plugins/meduzean/src/API/Rest_Controller.php
[23-Sep-2025 14:20:49 UTC] [Meduzean Autoload] Trying to load Meduzean\EanManager\Admin\Pages\Ean_Import_Page from /var/www/html/wp-content/plugins/meduzean/src/Admin/Pages/Ean_Import_Page.php
[23-Sep-2025 14:20:49 UTC] [Meduzean Debug] Processing 1 EAN codes: 1234567890128
[23-Sep-2025 14:20:49 UTC] [Meduzean Debug] Processing EAN: 1234567890128
[23-Sep-2025 14:20:49 UTC] [Meduzean Autoload] Trying to load Meduzean\EanManager\Helpers\Validator from /var/www/html/wp-content/plugins/meduzean/src/Helpers/Validator.php
[23-Sep-2025 14:20:49 UTC] [Meduzean Debug] Valid EAN, checking if exists: 1234567890128
[23-Sep-2025 14:20:49 UTC] [Meduzean Debug] Inserting EAN: 1234567890128
[23-Sep-2025 14:20:49 UTC] [Meduzean Debug] EAN inserted successfully: 1234567890128
[23-Sep-2025 14:20:55 UTC] [Meduzean Autoload] Trying to load Meduzean\EanManager\Core\Plugin from /var/www/html/wp-content/plugins/meduzean/src/Core/Plugin.php
[23-Sep-2025 14:20:56 UTC] [Meduzean Autoload] Trying to load Meduzean\EanManager\DB\Ean_Table from /var/www/html/wp-content/plugins/meduzean/src/DB/Ean_Table.php
[23-Sep-2025 14:20:56 UTC] [Meduzean Autoload] Trying to load Meduzean\EanManager\Services\Email_Service from /var/www/html/wp-content/plugins/meduzean/src/Services/Email_Service.php
[23-Sep-2025 14:20:56 UTC] [Meduzean Autoload] Trying to load Meduzean\EanManager\Services\Ean_Service from /var/www/html/wp-content/plugins/meduzean/src/Services/Ean_Service.php
[23-Sep-2025 14:20:56 UTC] [Meduzean Autoload] Trying to load Meduzean\EanManager\Cron\Cron_Handler from /var/www/html/wp-content/plugins/meduzean/src/Cron/Cron_Handler.php
[23-Sep-2025 14:20:56 UTC] [Meduzean Autoload] Trying to load Meduzean\EanManager\Admin\Admin from /var/www/html/wp-content/plugins/meduzean/src/Admin/Admin.php
[23-Sep-2025 14:20:56 UTC] [Meduzean Autoload] Trying to load Meduzean\EanManager\Admin\Assets from /var/www/html/wp-content/plugins/meduzean/src/Admin/Assets.php
[23-Sep-2025 14:20:56 UTC] [Meduzean Autoload] Trying to load Meduzean\EanManager\API\Rest_Controller from /var/www/html/wp-content/plugins/meduzean/src/API/Rest_Controller.php
[23-Sep-2025 14:20:57 UTC] [Meduzean Autoload] Trying to load Meduzean\EanManager\Admin\Pages\Ean_List_Page from /var/www/html/wp-content/plugins/meduzean/src/Admin/Pages/Ean_List_Page.php
[23-Sep-2025 14:21:54 UTC] [Meduzean Autoload] Trying to load Meduzean\EanManager\Core\Plugin from /var/www/html/wp-content/plugins/meduzean/src/Core/Plugin.php
[23-Sep-2025 14:21:54 UTC] [Meduzean Autoload] Trying to load Meduzean\EanManager\DB\Ean_Table from /var/www/html/wp-content/plugins/meduzean/src/DB/Ean_Table.php
[23-Sep-2025 14:21:54 UTC] [Meduzean Autoload] Trying to load Meduzean\EanManager\Services\Email_Service from /var/www/html/wp-content/plugins/meduzean/src/Services/Email_Service.php
[23-Sep-2025 14:21:54 UTC] [Meduzean Autoload] Trying to load Meduzean\EanManager\Services\Ean_Service from /var/www/html/wp-content/plugins/meduzean/src/Services/Ean_Service.php
[23-Sep-2025 14:21:54 UTC] [Meduzean Autoload] Trying to load Meduzean\EanManager\Cron\Cron_Handler from /var/www/html/wp-content/plugins/meduzean/src/Cron/Cron_Handler.php
[23-Sep-2025 14:21:54 UTC] [Meduzean Autoload] Trying to load Meduzean\EanManager\Admin\Admin from /var/www/html/wp-content/plugins/meduzean/src/Admin/Admin.php
[23-Sep-2025 14:21:54 UTC] [Meduzean Autoload] Trying to load Meduzean\EanManager\Admin\Assets from /var/www/html/wp-content/plugins/meduzean/src/Admin/Assets.php
[23-Sep-2025 14:21:54 UTC] [Meduzean Autoload] Trying to load Meduzean\EanManager\API\Rest_Controller from /var/www/html/wp-content/plugins/meduzean/src/API/Rest_Controller.php
[23-Sep-2025 14:21:56 UTC] [Meduzean Autoload] Trying to load Meduzean\EanManager\Admin\Pages\Ean_Import_Page from /var/www/html/wp-content/plugins/meduzean/src/Admin/Pages/Ean_Import_Page.php
